#
# There is insufficient memory for the Java Runtime Environment to continue.
# Native memory allocation (mmap) failed to map 117440512 bytes. Error detail: G1 virtual space
# Possible reasons:
#   The system is out of physical RAM or swap space
#   This process is running with CompressedOops enabled, and the Java Heap may be blocking the growth of the native heap
# Possible solutions:
#   Reduce memory load on the system
#   Increase physical memory or swap space
#   Check if swap backing store is full
#   Decrease Java heap size (-Xmx/-Xms)
#   Decrease number of Java threads
#   Decrease Java thread stack sizes (-Xss)
#   Set larger code cache with -XX:ReservedCodeCacheSize=
#   JVM is running with Unscaled Compressed Oops mode in which the Java heap is
#     placed in the first 4GB address space. The Java Heap base address is the
#     maximum limit for the native heap growth. Please use -XX:HeapBaseMinAddress
#     to set the Java Heap base and to place the Java Heap above 4GB virtual address.
# This output file may be truncated or incomplete.
#
#  Out of Memory Error (os_windows.cpp:3616), pid=13392, tid=17172
#
# JRE version:  (21.0.4+7) (build )
# Java VM: OpenJDK 64-Bit Server VM (21.0.4+7-LTS, mixed mode, sharing, tiered, compressed oops, compressed class ptrs, g1 gc, windows-amd64)
# No core dump will be written. Minidumps are not enabled by default on client versions of Windows
#

---------------  S U M M A R Y ------------

Command Line: EjemploRuntimeExecb

Host: AMD Ryzen 5 3500U with Radeon Vega Mobile Gfx  , 8 cores, 6G,  Windows 11 , 64 bit Build 22621 (10.0.22621.3958)
Time: Wed Sep 25 23:09:20 2024 Hora de verano romance elapsed time: 0.014335 seconds (0d 0h 0m 0s)

---------------  T H R E A D  ---------------

Current thread (0x00000172d917bba0):  JavaThread "Unknown thread" [_thread_in_vm, id=17172, stack(0x0000002fbfb00000,0x0000002fbfc00000) (1024K)]

Stack: [0x0000002fbfb00000,0x0000002fbfc00000]
Native frames: (J=compiled Java code, j=interpreted, Vv=VM code, C=native code)
V  [jvm.dll+0x6cbcf9]
V  [jvm.dll+0x8a5551]
V  [jvm.dll+0x8a7a7e]
V  [jvm.dll+0x8a8153]
V  [jvm.dll+0x27eca6]
V  [jvm.dll+0x6c8445]
V  [jvm.dll+0x6bd13a]
V  [jvm.dll+0x354a0a]
V  [jvm.dll+0x35c5b6]
V  [jvm.dll+0x3adf3e]
V  [jvm.dll+0x3ae1e8]
V  [jvm.dll+0x328bcc]
V  [jvm.dll+0x32972b]
V  [jvm.dll+0x86e7b9]
V  [jvm.dll+0x3bac91]
V  [jvm.dll+0x857973]
V  [jvm.dll+0x44f32e]
V  [jvm.dll+0x450f71]
C  [jli.dll+0x5278]
C  [ucrtbase.dll+0x29333]
C  [KERNEL32.DLL+0x1257d]
C  [ntdll.dll+0x5af28]


---------------  P R O C E S S  ---------------

Threads class SMR info:
_java_thread_list=0x00007ffe82e33088, length=0, elements={
}

Java Threads: ( => current thread )
Total: 0

Other Threads:
  0x00000172d9344fd0 WorkerThread "GC Thread#0"                     [id=1808, stack(0x0000002fbfc00000,0x0000002fbfd00000) (1024K)]
  0x00000172d9354370 ConcurrentGCThread "G1 Main Marker"            [id=6324, stack(0x0000002fbfd00000,0x0000002fbfe00000) (1024K)]
  0x00000172d9356e50 WorkerThread "G1 Conc#0"                       [id=16204, stack(0x0000002fbfe00000,0x0000002fbff00000) (1024K)]

[error occurred during error reporting (printing all threads), id 0xc0000005, EXCEPTION_ACCESS_VIOLATION (0xc0000005) at pc=0x00007ffe8253b4f7]
VM state: not at safepoint (not fully initialized)

VM Mutex/Monitor currently owned by a thread:  ([mutex/lock_event])
[0x00007ffe82ea7408] Heap_lock - owner thread: 0x00000172d917bba0

Heap address: 0x0000000091000000, size: 1776 MB, Compressed Oops mode: 32-bit

CDS archive(s) mapped at: [0x0000000000000000-0x0000000000000000-0x0000000000000000), size 0, SharedBaseAddress: 0x0000000800000000, ArchiveRelocationMode: 1.
Narrow klass base: 0x0000000000000000, Narrow klass shift: 0, Narrow klass range: 0x0

GC Precious Log:
 CardTable entry size: 512
 Card Set container configuration: InlinePtr #cards 5 size 8 Array Of Cards #cards 12 size 40 Howl #buckets 4 coarsen threshold 1843 Howl Bitmap #cards 512 size 80 coarsen threshold 460 Card regions per heap region 1 cards per card region 2048

Heap:
 garbage-first heap   total 0K, used 0K [0x0000000091000000, 0x0000000100000000)
  region size 1024K, 0 young (0K), 0 survivors (0K)

[error occurred during error reporting (printing heap information), id 0xc0000005, EXCEPTION_ACCESS_VIOLATION (0xc0000005) at pc=0x00007ffe82925669]
GC Heap History (0 events):
No events

Dll operation events (1 events):
Event: 0.008 Loaded shared library C:\Program Files\Eclipse Adoptium\jdk-21.0.4.7-hotspot\bin\java.dll

Deoptimization events (0 events):
No events

Classes loaded (0 events):
No events

Classes unloaded (0 events):
No events

Classes redefined (0 events):
No events

Internal exceptions (0 events):
No events

ZGC Phase Switch (0 events):
No events

VM Operations (0 events):
No events

Memory protections (0 events):
No events

Nmethod flushes (0 events):
No events

Events (0 events):
No events


Dynamic libraries:
0x00007ff73fbd0000 - 0x00007ff73fbde000 	C:\Program Files\Eclipse Adoptium\jdk-21.0.4.7-hotspot\bin\java.exe
0x00007ffed7ef0000 - 0x00007ffed8107000 	C:\Windows\SYSTEM32\ntdll.dll
0x00007ffed5c30000 - 0x00007ffed5cf4000 	C:\Windows\System32\KERNEL32.DLL
0x00007ffed5870000 - 0x00007ffed5c1d000 	C:\Windows\System32\KERNELBASE.dll
0x00007ffed5570000 - 0x00007ffed5681000 	C:\Windows\System32\ucrtbase.dll
0x00007ffec5f30000 - 0x00007ffec5f48000 	C:\Program Files\Eclipse Adoptium\jdk-21.0.4.7-hotspot\bin\jli.dll
0x00007ffec5f50000 - 0x00007ffec5f6b000 	C:\Program Files\Eclipse Adoptium\jdk-21.0.4.7-hotspot\bin\VCRUNTIME140.dll
0x00007ffed6e10000 - 0x00007ffed6fbe000 	C:\Windows\System32\USER32.dll
0x00007ffebec70000 - 0x00007ffebef03000 	C:\Windows\WinSxS\amd64_microsoft.windows.common-controls_6595b64144ccf1df_6.0.22621.3672_none_2713b9d173822955\COMCTL32.dll
0x00007ffed53f0000 - 0x00007ffed5416000 	C:\Windows\System32\win32u.dll
0x00007ffed7a70000 - 0x00007ffed7b17000 	C:\Windows\System32\msvcrt.dll
0x00007ffed7b20000 - 0x00007ffed7b49000 	C:\Windows\System32\GDI32.dll
0x00007ffed5420000 - 0x00007ffed5539000 	C:\Windows\System32\gdi32full.dll
0x00007ffed5210000 - 0x00007ffed52aa000 	C:\Windows\System32\msvcp_win.dll
0x00007ffed7130000 - 0x00007ffed7161000 	C:\Windows\System32\IMM32.DLL
0x00007ffed0600000 - 0x00007ffed060c000 	C:\Program Files\Eclipse Adoptium\jdk-21.0.4.7-hotspot\bin\vcruntime140_1.dll
0x00007ffebab70000 - 0x00007ffebabfe000 	C:\Program Files\Eclipse Adoptium\jdk-21.0.4.7-hotspot\bin\msvcp140.dll
0x00007ffe82200000 - 0x00007ffe82f88000 	C:\Program Files\Eclipse Adoptium\jdk-21.0.4.7-hotspot\bin\server\jvm.dll
0x00007ffed7850000 - 0x00007ffed7902000 	C:\Windows\System32\ADVAPI32.dll
0x00007ffed79c0000 - 0x00007ffed7a69000 	C:\Windows\System32\sechost.dll
0x00007ffed5540000 - 0x00007ffed5568000 	C:\Windows\System32\bcrypt.dll
0x00007ffed7b50000 - 0x00007ffed7c64000 	C:\Windows\System32\RPCRT4.dll
0x00007ffed6500000 - 0x00007ffed6571000 	C:\Windows\System32\WS2_32.dll
0x00007ffed50e0000 - 0x00007ffed512d000 	C:\Windows\SYSTEM32\POWRPROF.dll
0x00007ffeccc40000 - 0x00007ffeccc74000 	C:\Windows\SYSTEM32\WINMM.dll
0x00007ffece210000 - 0x00007ffece21a000 	C:\Windows\SYSTEM32\VERSION.dll
0x00007ffed5010000 - 0x00007ffed5023000 	C:\Windows\SYSTEM32\UMPDC.dll
0x00007ffed4260000 - 0x00007ffed4278000 	C:\Windows\SYSTEM32\kernel.appcore.dll
0x00007ffecbef0000 - 0x00007ffecbefa000 	C:\Program Files\Eclipse Adoptium\jdk-21.0.4.7-hotspot\bin\jimage.dll
0x00007ffec9180000 - 0x00007ffec93b2000 	C:\Windows\SYSTEM32\DBGHELP.DLL
0x00007ffed71d0000 - 0x00007ffed755e000 	C:\Windows\System32\combase.dll
0x00007ffed76f0000 - 0x00007ffed77c7000 	C:\Windows\System32\OLEAUT32.dll
0x00007ffebea70000 - 0x00007ffebeaa2000 	C:\Windows\SYSTEM32\dbgcore.DLL
0x00007ffed5370000 - 0x00007ffed53eb000 	C:\Windows\System32\bcryptPrimitives.dll
0x00007ffec5130000 - 0x00007ffec514f000 	C:\Program Files\Eclipse Adoptium\jdk-21.0.4.7-hotspot\bin\java.dll

dbghelp: loaded successfully - version: 4.0.5 - missing functions: none
symbol engine: initialized successfully - sym options: 0x614 - pdb path: .;C:\Program Files\Eclipse Adoptium\jdk-21.0.4.7-hotspot\bin;C:\Windows\SYSTEM32;C:\Windows\WinSxS\amd64_microsoft.windows.common-controls_6595b64144ccf1df_6.0.22621.3672_none_2713b9d173822955;C:\Program Files\Eclipse Adoptium\jdk-21.0.4.7-hotspot\bin\server

VM Arguments:
java_command: EjemploRuntimeExecb
java_class_path (initial): C://Users//cnava//Desktop//2DAM//PSP//Tema 1. Programación multiproceso//Ejercicios//EjemploRuntimeExecb//bin
Launcher Type: SUN_STANDARD

[Global flags]
     intx CICompilerCount                          = 4                                         {product} {ergonomic}
     uint ConcGCThreads                            = 2                                         {product} {ergonomic}
     uint G1ConcRefinementThreads                  = 8                                         {product} {ergonomic}
   size_t G1HeapRegionSize                         = 1048576                                   {product} {ergonomic}
    uintx GCDrainStackTargetSize                   = 64                                        {product} {ergonomic}
   size_t InitialHeapSize                          = 117440512                                 {product} {ergonomic}
   size_t MarkStackSize                            = 4194304                                   {product} {ergonomic}
   size_t MaxHeapSize                              = 1862270976                                {product} {ergonomic}
   size_t MinHeapDeltaBytes                        = 1048576                                   {product} {ergonomic}
   size_t MinHeapSize                              = 8388608                                   {product} {ergonomic}
    uintx NonNMethodCodeHeapSize                   = 5839372                                {pd product} {ergonomic}
    uintx NonProfiledCodeHeapSize                  = 122909434                              {pd product} {ergonomic}
    uintx ProfiledCodeHeapSize                     = 122909434                              {pd product} {ergonomic}
    uintx ReservedCodeCacheSize                    = 251658240                              {pd product} {ergonomic}
     bool SegmentedCodeCache                       = true                                      {product} {ergonomic}
   size_t SoftMaxHeapSize                          = 1862270976                             {manageable} {ergonomic}
     bool UseCompressedOops                        = true                           {product lp64_product} {ergonomic}
     bool UseG1GC                                  = true                                      {product} {ergonomic}
     bool UseLargePagesIndividualAllocation        = false                                  {pd product} {ergonomic}

Logging:
Log output configuration:
 #0: stdout all=warning uptime,level,tags foldmultilines=false
 #1: stderr all=off uptime,level,tags foldmultilines=false

Environment Variables:
PATH=C:\Program Files\Eclipse Adoptium\jdk-21.0.4.7-hotspot\bin;C:\Windows\system32;C:\Windows;C:\Windows\System32\Wbem;C:\Windows\System32\WindowsPowerShell\v1.0\;C:\Windows\System32\OpenSSH\;C:\Users\cnava\AppData\Local\Microsoft\WindowsApps;C:\Users\cnava\AppData\Local\Programs\Microsoft VS Code\bin
USERNAME=cnava
LANG=es_ES.UTF-8
OS=Windows_NT
PROCESSOR_IDENTIFIER=AMD64 Family 23 Model 24 Stepping 1, AuthenticAMD
TMP=C:\Users\cnava\AppData\Local\Temp
TEMP=C:\Users\cnava\AppData\Local\Temp




Periodic native trim disabled

---------------  S Y S T E M  ---------------

OS:
 Windows 11 , 64 bit Build 22621 (10.0.22621.3958)
OS uptime: 1 days 12:30 hours

CPU: total 8 (initial active 8) (8 cores per cpu, 2 threads per core) family 23 model 24 stepping 1 microcode 0x0, cx8, cmov, fxsr, ht, mmx, 3dnowpref, sse, sse2, sse3, ssse3, sse4a, sse4.1, sse4.2, popcnt, lzcnt, tsc, tscinvbit, avx, avx2, aes, clmul, bmi1, bmi2, adx, sha, fma, vzeroupper, clflush, clflushopt, rdtscp, f16c
Processor Information for all 8 processors :
  Max Mhz: 2100, Current Mhz: 2100, Mhz Limit: 2100

Memory: 4k page, system-wide physical 7103M (601M free)
TotalPageFile size 28607M (AvailPageFile size 26M)
current process WorkingSet (physical memory assigned to process): 11M, peak: 11M
current process commit charge ("private bytes"): 60M, peak: 172M

vm_info: OpenJDK 64-Bit Server VM (21.0.4+7-LTS) for windows-amd64 JRE (21.0.4+7-LTS), built on 2024-07-16T00:00:00Z by "admin" with MS VC++ 17.7 (VS2022)

END.
